<?xml version="1.0" encoding="UTF-8" ?>
<objects xmlns="http://whatever.com/a">
    <documentInfo>
        <elementInfo>The Text</elementInfo>
        <elementInfo>The other text</elementInfo>
    </documentInfo>
</objects>